<?xml version="1.0" encoding="UTF-8"?>
<!-- Generated by org.testng.reporters.JUnitXMLReporter -->
<testsuite ignored="2" hostname="MAVCHN1121456" failures="0" tests="1" name="Default test" time="0.03" errors="0" timestamp="2024-08-09T17:48:08 IST">
  <testcase classname="JavaSamp.TestNgprac" name="close" time="0.006"/>
  <testcase classname="JavaSamp.TestNgprac" name="Open" time="0.0">
    <ignored/>
  </testcase> <!-- Open -->
  <testcase classname="JavaSamp.TestNgprac" name="login" time="0.0">
    <ignored/>
  </testcase> <!-- login -->
</testsuite> <!-- Default test -->
