<?xml version="1.0" encoding="UTF-8"?>
<testng-results ignored="2" total="3" passed="1" failed="0" skipped="0">
  <reporter-output>
  </reporter-output>
  <suite started-at="2024-08-09T17:48:08 IST" name="Default suite" finished-at="2024-08-09T17:48:08 IST" duration-ms="30">
    <groups>
    </groups>
    <test started-at="2024-08-09T17:48:08 IST" name="Default test" finished-at="2024-08-09T17:48:08 IST" duration-ms="30">
      <class name="JavaSamp.TestNgprac">
        <test-method signature="close()[pri:0, instance:JavaSamp.TestNgprac@313ac989]" started-at="2024-08-09T17:48:08 IST" name="close" finished-at="2024-08-09T17:48:08 IST" duration-ms="6" status="PASS">
          <reporter-output>
          </reporter-output>
        </test-method> <!-- close -->
      </class> <!-- JavaSamp.TestNgprac -->
    </test> <!-- Default test -->
  </suite> <!-- Default suite -->
</testng-results>
